EE
======================================================================
ERROR: test_store_raw_mac_false (__main__.TestPrivacyEnforcement.test_store_raw_mac_false)
Verify that store_raw_mac=False results in hashed/anonymized MACs
----------------------------------------------------------------------
Traceback (most recent call last):
  File "d:\hod_lab\tests\test_privacy_enforcement.py", line 51, in test_store_raw_mac_false
    telemetry = normalizer.normalize(frame)
                ^^^^^^^^^^^^^^^^^^^^^^^^^^^
  File "d:\hod_lab\sensor\normalizer.py", line 154, in normalize
    return TelemetryFrame(
           ^^^^^^^^^^^^^^
NameError: name 'TelemetryFrame' is not defined

======================================================================
ERROR: test_store_raw_mac_true (__main__.TestPrivacyEnforcement.test_store_raw_mac_true)
Verify that store_raw_mac=True keeps MAC raw
----------------------------------------------------------------------
Traceback (most recent call last):
  File "d:\hod_lab\tests\test_privacy_enforcement.py", line 75, in test_store_raw_mac_true
    telemetry = normalizer.normalize(frame)
                ^^^^^^^^^^^^^^^^^^^^^^^^^^^
  File "d:\hod_lab\sensor\normalizer.py", line 154, in normalize
    return TelemetryFrame(
           ^^^^^^^^^^^^^^
NameError: name 'TelemetryFrame' is not defined

----------------------------------------------------------------------
Ran 2 tests in 0.001s

FAILED (errors=2)
