============================= test session starts =============================
platform win32 -- Python 3.11.9, pytest-9.0.2, pluggy-1.6.0 -- C:\Users\ADMIN\AppData\Local\Programs\Python\Python311\python.exe
cachedir: .pytest_cache
rootdir: D:\sentinel-netlab
configfile: pyproject.toml
plugins: anyio-4.12.1, dash-3.4.0, cov-7.0.0
collecting ... collected 2 items

tests/test_async_ingest.py::test_ingest_telemetry_async_contract SKIPPED [ 50%]
tests/test_async_ingest.py::test_worker_task_logic FAILED                [100%]

================================== FAILURES ===================================
___________________________ test_worker_task_logic ____________________________
tests\test_async_ingest.py:41: in test_worker_task_logic
    from controller.tasks import process_telemetry_batch
controller\tasks.py:5: in <module>
    from celery.exceptions import SoftTimeLimitExceeded
E   ModuleNotFoundError: No module named 'celery'
=========================== short test summary info ===========================
FAILED tests/test_async_ingest.py::test_worker_task_logic - ModuleNotFoundError: No module named 'celery'
======================== 1 failed, 1 skipped in 1.25s =========================
