F
======================================================================
FAIL: test_end_to_end_flow (__main__.TestIntegrationFlow.test_end_to_end_flow)
Verify that frames are captured, processed, and buffered.
----------------------------------------------------------------------
Traceback (most recent call last):
  File "d:\hod_lab\tests\test_integration_flow.py", line 110, in test_end_to_end_flow
    self.assertGreater(stats['frames_parsed'], 0, "Should have parsed at least 1 frame")
AssertionError: 0 not greater than 0 : Should have parsed at least 1 frame

----------------------------------------------------------------------
Ran 1 test in 8.010s

FAILED (failures=1)
Starting controller...
Stopping controller...
Controller Status: {'sensor_id': 'test-sensor-integration', 'interface': 'test0', 'running': False, 'monitor_mode': False, 'current_channel': 11, 'uptime_seconds': 8.004165, 'frames_captured': 1, 'frames_parsed': 0, 'frames_duplicates': 0, 'buffer': {'buffer_current_size': 0, 'buffer_max_size': 10000, 'buffer_occupancy_pct': 0.0, 'total_appended': 0, 'dropped_count': 0, 'batch_counter': 0, 'journal_count': 0, 'journal_disk_bytes': 0, 'journal_disk_mb': 0.0}, 'transport': <MagicMock name='mock.get_stats()' id='2198076960912'>, 'normalizer': {'sensor_id': 'test-sensor-integration', 'sequence_id': 0, 'uptime_seconds': 8.005193, 'capture_method': 'mock', 'anonymize_ssid': False}}
