============================= test session starts =============================
platform win32 -- Python 3.11.9, pytest-9.0.2, pluggy-1.6.0 -- C:\Users\ADMIN\AppData\Local\Programs\Python\Python311\python.exe
cachedir: .pytest_cache
rootdir: D:\sentinel-netlab
configfile: pyproject.toml
testpaths: tests
plugins: anyio-4.12.1, dash-3.4.0, cov-7.0.0
collecting ... collected 95 items / 1 error / 88 deselected / 7 selected

=================================== ERRORS ====================================
__________ ERROR collecting tests/integration/test_dashboard_flow.py __________
tests\integration\test_dashboard_flow.py:3: in <module>
    from dashboard.app import update_metrics
dashboard\app.py:42: in <module>
    raise RuntimeError("DASH_USERNAME and DASH_PASSWORD environment variables are required")
E   RuntimeError: DASH_USERNAME and DASH_PASSWORD environment variables are required
============================== warnings summary ===============================
tests\test_integration_flow.py:16
  D:\sentinel-netlab\tests\test_integration_flow.py:16: PytestCollectionWarning:
  
  cannot collect test class 'TestCaptureDriver' because it has a __init__ constructor (from: tests/test_integration_flow.py)

-- Docs: https://docs.pytest.org/en/stable/how-to/capture-warnings.html
=========================== short test summary info ===========================
ERROR tests/integration/test_dashboard_flow.py - RuntimeError: DASH_USERNAME and DASH_PASSWORD environment variables are required
!!!!!!!!!!!!!!!!!!! Interrupted: 1 error during collection !!!!!!!!!!!!!!!!!!!!
================= 88 deselected, 1 warning, 1 error in 3.36s ==================
