============================= test session starts =============================
platform win32 -- Python 3.11.9, pytest-9.0.2, pluggy-1.6.0 -- C:\Users\ADMIN\AppData\Local\Programs\Python\Python311\python.exe
cachedir: .pytest_cache
rootdir: D:\sentinel-netlab
configfile: pyproject.toml
plugins: anyio-4.12.1, dash-3.4.0
collecting ... collected 19 items / 3 errors

=================================== ERRORS ====================================
___________ ERROR collecting tests/unit/unit/test_buffer_manager.py ___________
ImportError while importing test module 'D:\sentinel-netlab\tests\unit\unit\test_buffer_manager.py'.
Hint: make sure your test modules/packages have valid Python names.
Traceback:
tests\unit\unit\test_buffer_manager.py:13: in <module>
    from buffer_manager import BufferManager
E   ModuleNotFoundError: No module named 'buffer_manager'

During handling of the above exception, another exception occurred:
C:\Users\ADMIN\AppData\Local\Programs\Python\Python311\Lib\importlib\__init__.py:126: in import_module
    return _bootstrap._gcd_import(name[level:], package, level)
           ^^^^^^^^^^^^^^^^^^^^^^^^^^^^^^^^^^^^^^^^^^^^^^^^^^^^
tests\unit\unit\test_buffer_manager.py:18: in <module>
    from buffer_manager import BufferManager
E   ModuleNotFoundError: No module named 'buffer_manager'
___________ ERROR collecting tests/unit/unit/test_capture_driver.py ___________
ImportError while importing test module 'D:\sentinel-netlab\tests\unit\unit\test_capture_driver.py'.
Hint: make sure your test modules/packages have valid Python names.
Traceback:
tests\unit\unit\test_capture_driver.py:12: in <module>
    from capture_driver import CaptureDriver, MockCaptureDriver, RawFrame
E   ModuleNotFoundError: No module named 'capture_driver'

During handling of the above exception, another exception occurred:
C:\Users\ADMIN\AppData\Local\Programs\Python\Python311\Lib\importlib\__init__.py:126: in import_module
    return _bootstrap._gcd_import(name[level:], package, level)
           ^^^^^^^^^^^^^^^^^^^^^^^^^^^^^^^^^^^^^^^^^^^^^^^^^^^^
tests\unit\unit\test_capture_driver.py:17: in <module>
    from capture_driver import CaptureDriver, MockCaptureDriver, RawFrame
E   ModuleNotFoundError: No module named 'capture_driver'
____________ ERROR collecting tests/unit/unit/test_frame_parser.py ____________
ImportError while importing test module 'D:\sentinel-netlab\tests\unit\unit\test_frame_parser.py'.
Hint: make sure your test modules/packages have valid Python names.
Traceback:
tests\unit\unit\test_frame_parser.py:12: in <module>
    from frame_parser import FrameParser, ParsedFrame
E   ModuleNotFoundError: No module named 'frame_parser'

During handling of the above exception, another exception occurred:
C:\Users\ADMIN\AppData\Local\Programs\Python\Python311\Lib\importlib\__init__.py:126: in import_module
    return _bootstrap._gcd_import(name[level:], package, level)
           ^^^^^^^^^^^^^^^^^^^^^^^^^^^^^^^^^^^^^^^^^^^^^^^^^^^^
tests\unit\unit\test_frame_parser.py:17: in <module>
    from frame_parser import FrameParser, ParsedFrame
E   ModuleNotFoundError: No module named 'frame_parser'
=========================== short test summary info ===========================
ERROR tests/unit/unit/test_buffer_manager.py
ERROR tests/unit/unit/test_capture_driver.py
ERROR tests/unit/unit/test_frame_parser.py
!!!!!!!!!!!!!!!!!!! Interrupted: 3 errors during collection !!!!!!!!!!!!!!!!!!!
============================== 3 errors in 0.33s ==============================
