============================= test session starts =============================
platform win32 -- Python 3.11.9, pytest-9.0.2, pluggy-1.6.0 -- C:\Users\ADMIN\AppData\Local\Programs\Python\Python311\python.exe
cachedir: .pytest_cache
rootdir: D:\sentinel-netlab
configfile: pyproject.toml
plugins: anyio-4.12.1, dash-3.4.0, cov-7.0.0
collecting ... collected 5 items

tests/test_security_secrets.py::test_require_secret_prod_missing PASSED  [ 20%]
tests/test_security_secrets.py::test_require_secret_prod_weak PASSED     [ 40%]
tests/test_security_secrets.py::test_require_secret_dev_autogen PASSED   [ 60%]
tests/test_security_secrets.py::test_require_secret_dev_weak_warns PASSED [ 80%]
tests/test_security_secrets.py::test_redact FAILED                       [100%]

================================== FAILURES ===================================
_________________________________ test_redact _________________________________
tests\test_security_secrets.py:30: in test_redact
    assert redact("supersecretpassword") == "su****************rd"
E   AssertionError: assert 'su***************rd' == 'su****************rd'
E     
E     - su****************rd
E     ?                  -
E     + su***************rd
=========================== short test summary info ===========================
FAILED tests/test_security_secrets.py::test_redact - AssertionError: assert 'su***************rd' == 'su****************rd'
  
  - su****************rd
  ?                  -
  + su***************rd
========================= 1 failed, 4 passed in 0.20s =========================
