============================= test session starts =============================
platform win32 -- Python 3.11.9, pytest-9.0.2, pluggy-1.6.0 -- C:\Users\ADMIN\AppData\Local\Programs\Python\Python311\python.exe
cachedir: .pytest_cache
rootdir: D:\sentinel-netlab
configfile: pyproject.toml
testpaths: tests
plugins: anyio-4.12.1, dash-3.4.0
collecting ... collected 80 items / 3 errors

=================================== ERRORS ====================================
__________ ERROR collecting tests/integration/test_dashboard_flow.py __________
tests\integration\test_dashboard_flow.py:3: in <module>
    from dashboard.app import update_metrics, app
dashboard\app.py:361: in <module>
    html.Style(CUSTOM_CSS),
    ^^^^^^^^^^
E   AttributeError: module 'dash.html' has no attribute 'Style'
____________ ERROR collecting tests/integration/test_scenarios.py _____________
ImportError while importing test module 'D:\sentinel-netlab\tests\integration\test_scenarios.py'.
Hint: make sure your test modules/packages have valid Python names.
Traceback:
C:\Users\ADMIN\AppData\Local\Programs\Python\Python311\Lib\importlib\__init__.py:126: in import_module
    return _bootstrap._gcd_import(name[level:], package, level)
           ^^^^^^^^^^^^^^^^^^^^^^^^^^^^^^^^^^^^^^^^^^^^^^^^^^^^
tests\integration\test_scenarios.py:10: in <module>
    from sensor.sensor_controller import SensorController
sensor\sensor_controller.py:34: in <module>
    from rule_engine import RuleEngine
E   ModuleNotFoundError: No module named 'rule_engine'
_________________ ERROR collecting tests/unit/test_safety.py __________________
ImportError while importing test module 'D:\sentinel-netlab\tests\unit\test_safety.py'.
Hint: make sure your test modules/packages have valid Python names.
Traceback:
C:\Users\ADMIN\AppData\Local\Programs\Python\Python311\Lib\importlib\__init__.py:126: in import_module
    return _bootstrap._gcd_import(name[level:], package, level)
           ^^^^^^^^^^^^^^^^^^^^^^^^^^^^^^^^^^^^^^^^^^^^^^^^^^^^
tests\unit\test_safety.py:5: in <module>
    from sensor.attacks import LabSafetyChecker, LabSafetyConfig, LabSafetyError
E   ModuleNotFoundError: No module named 'sensor.attacks'
============================== warnings summary ===============================
tests\test_integration_flow.py:16
  D:\sentinel-netlab\tests\test_integration_flow.py:16: PytestCollectionWarning:
  
  cannot collect test class 'TestCaptureDriver' because it has a __init__ constructor (from: tests/test_integration_flow.py)

-- Docs: https://docs.pytest.org/en/stable/how-to/capture-warnings.html
=========================== short test summary info ===========================
ERROR tests/integration/test_dashboard_flow.py - AttributeError: module 'dash...
ERROR tests/integration/test_scenarios.py
ERROR tests/unit/test_safety.py
!!!!!!!!!!!!!!!!!!! Interrupted: 3 errors during collection !!!!!!!!!!!!!!!!!!!
======================== 1 warning, 3 errors in 2.56s =========================
