============================= test session starts =============================
platform win32 -- Python 3.11.9, pytest-9.0.2, pluggy-1.6.0 -- C:\Users\ADMIN\AppData\Local\Programs\Python\Python311\python.exe
cachedir: .pytest_cache
rootdir: D:\sentinel-netlab
configfile: pyproject.toml
plugins: anyio-4.12.1, dash-3.4.0
collecting ... collected 32 items / 2 errors

=================================== ERRORS ====================================
_____________ ERROR collecting tests/unit/test_capture_driver.py ______________
ImportError while importing test module 'D:\sentinel-netlab\tests\unit\test_capture_driver.py'.
Hint: make sure your test modules/packages have valid Python names.
Traceback:
tests\unit\test_capture_driver.py:12: in <module>
    from capture_driver import CaptureDriver, MockCaptureDriver, RawFrame
E   ModuleNotFoundError: No module named 'capture_driver'

During handling of the above exception, another exception occurred:
C:\Users\ADMIN\AppData\Local\Programs\Python\Python311\Lib\importlib\__init__.py:126: in import_module
    return _bootstrap._gcd_import(name[level:], package, level)
           ^^^^^^^^^^^^^^^^^^^^^^^^^^^^^^^^^^^^^^^^^^^^^^^^^^^^
tests\unit\test_capture_driver.py:17: in <module>
    from capture_driver import CaptureDriver, MockCaptureDriver, RawFrame
E   ModuleNotFoundError: No module named 'capture_driver'
______________ ERROR collecting tests/unit/test_frame_parser.py _______________
ImportError while importing test module 'D:\sentinel-netlab\tests\unit\test_frame_parser.py'.
Hint: make sure your test modules/packages have valid Python names.
Traceback:
tests\unit\test_frame_parser.py:12: in <module>
    from frame_parser import FrameParser, ParsedFrame
E   ModuleNotFoundError: No module named 'frame_parser'

During handling of the above exception, another exception occurred:
C:\Users\ADMIN\AppData\Local\Programs\Python\Python311\Lib\importlib\__init__.py:126: in import_module
    return _bootstrap._gcd_import(name[level:], package, level)
           ^^^^^^^^^^^^^^^^^^^^^^^^^^^^^^^^^^^^^^^^^^^^^^^^^^^^
tests\unit\test_frame_parser.py:17: in <module>
    from frame_parser import FrameParser, ParsedFrame
E   ModuleNotFoundError: No module named 'frame_parser'
=========================== short test summary info ===========================
ERROR tests/unit/test_capture_driver.py
ERROR tests/unit/test_frame_parser.py
!!!!!!!!!!!!!!!!!!! Interrupted: 2 errors during collection !!!!!!!!!!!!!!!!!!!
============================== 2 errors in 0.32s ==============================
